<?xml version="1.0" encoding="UTF-8"?>
<!-- Generated by org.testng.reporters.JUnitXMLReporter -->
<testsuite ignored="0" hostname="DESKTOP-EVK9GMC" failures="0" tests="3" name="Test" time="124.512" errors="0" timestamp="2021-03-28T08:46:36 IST">
  <testcase classname="scripts.FaceBooklike" name="facebooklikebtn" time="21.397"/>
  <testcase classname="scripts.AddingCoursetocart" name="addingTocart" time="26.194"/>
  <testcase classname="scripts.TakeingCouse" name="takecourses" time="35.511"/>
</testsuite> <!-- Test -->
